# JRE version: OpenJDK Runtime Environment JBR-11.0.11.9-1341.60-jcef (11.0.11+9) (build 11.0.11+9-b1341.60)
# Java VM: OpenJDK 64-Bit Server VM JBR-11.0.11.9-1341.60-jcef (11.0.11+9-b1341.60, mixed mode, tiered, compressed oops, g1 gc, linux-amd64)
Heap:
 garbage-first heap   total 512000K, used 226918K [0x0000000080000000, 0x0000000100000000)
  region size 1024K, 72 young (73728K), 9 survivors (9216K)
 Metaspace       used 114971K, capacity 118710K, committed 119120K, reserved 1153024K
  class space    used 14036K, capacity 15377K, committed 15520K, reserved 1048576K
GC Heap History (20 events):
Event: 10049.753 GC heap after
{Heap after GC invocations=122 (full 0):
 garbage-first heap   total 512000K, used 258341K [0x0000000080000000, 0x0000000100000000)
  region size 1024K, 7 young (7168K), 7 survivors (7168K)
 Metaspace       used 114678K, capacity 118469K, committed 118608K, reserved 1153024K
  class space    used 14054K, capacity 15411K, committed 15520K, reserved 1048576K
}
Event: 10305.840 GC heap before
{Heap before GC invocations=122 (full 0):
 garbage-first heap   total 512000K, used 348453K [0x0000000080000000, 0x0000000100000000)
  region size 1024K, 89 young (91136K), 7 survivors (7168K)
 Metaspace       used 114757K, capacity 118598K, committed 118864K, reserved 1153024K
  class space    used 14054K, capacity 15411K, committed 15520K, reserved 1048576K
}
Event: 10305.868 GC heap after
{Heap after GC invocations=123 (full 0):
 garbage-first heap   total 512000K, used 263160K [0x0000000080000000, 0x0000000100000000)
  region size 1024K, 12 young (12288K), 12 survivors (12288K)
 Metaspace       used 114757K, capacity 118598K, committed 118864K, reserved 1153024K
  class space    used 14054K, capacity 15411K, committed 15520K, reserved 1048576K
}
Event: 10306.501 GC heap before
{Heap before GC invocations=123 (full 0):
 garbage-first heap   total 512000K, used 372728K [0x0000000080000000, 0x0000000100000000)
  region size 1024K, 101 young (103424K), 12 survivors (12288K)
 Metaspace       used 114863K, capacity 118666K, committed 118864K, reserved 1153024K
  class space    used 14054K, capacity 15411K, committed 15520K, reserved 1048576K
}
Event: 10306.549 GC heap after
{Heap after GC invocations=124 (full 0):
 garbage-first heap   total 512000K, used 282870K [0x0000000080000000, 0x0000000100000000)
  region size 1024K, 13 young (13312K), 13 survivors (13312K)
 Metaspace       used 114863K, capacity 118666K, committed 118864K, reserved 1153024K
  class space    used 14054K, capacity 15411K, committed 15520K, reserved 1048576K
}
Event: 10307.140 GC heap before
{Heap before GC invocations=124 (full 0):
 garbage-first heap   total 512000K, used 377078K [0x0000000080000000, 0x0000000100000000)
  region size 1024K, 106 young (108544K), 13 survivors (13312K)
 Metaspace       used 114875K, capacity 118666K, committed 118864K, reserved 1153024K
  class space    used 14054K, capacity 15411K, committed 15520K, reserved 1048576K
}
Event: 10307.237 GC heap after
{Heap after GC invocations=125 (full 0):
 garbage-first heap   total 512000K, used 313065K [0x0000000080000000, 0x0000000100000000)
  region size 1024K, 14 young (14336K), 14 survivors (14336K)
 Metaspace       used 114875K, capacity 118666K, committed 118864K, reserved 1153024K
  class space    used 14054K, capacity 15411K, committed 15520K, reserved 1048576K
}
Event: 10307.427 GC heap before
{Heap before GC invocations=125 (full 0):
 garbage-first heap   total 512000K, used 324329K [0x0000000080000000, 0x0000000100000000)
  region size 1024K, 25 young (25600K), 14 survivors (14336K)
 Metaspace       used 114876K, capacity 118666K, committed 118864K, reserved 1153024K
  class space    used 14054K, capacity 15411K, committed 15520K, reserved 1048576K
}
Event: 10307.508 GC heap after
{Heap after GC invocations=126 (full 0):
 garbage-first heap   total 512000K, used 318464K [0x0000000080000000, 0x0000000100000000)
  region size 1024K, 4 young (4096K), 4 survivors (4096K)
 Metaspace       used 114876K, capacity 118666K, committed 118864K, reserved 1153024K
  class space    used 14054K, capacity 15411K, committed 15520K, reserved 1048576K
}
Event: 10308.190 GC heap before
{Heap before GC invocations=126 (full 0):
 garbage-first heap   total 512000K, used 392192K [0x0000000080000000, 0x0000000100000000)
  region size 1024K, 62 young (63488K), 4 survivors (4096K)
 Metaspace       used 114882K, capacity 118666K, committed 118864K, reserved 1153024K
  class space    used 14054K, capacity 15411K, committed 15520K, reserved 1048576K
}
Event: 10308.236 GC heap after
{Heap after GC invocations=127 (full 0):
 garbage-first heap   total 512000K, used 345088K [0x0000000080000000, 0x0000000100000000)
  region size 1024K, 8 young (8192K), 8 survivors (8192K)
 Metaspace       used 114882K, capacity 118666K, committed 118864K, reserved 1153024K
  class space    used 14054K, capacity 15411K, committed 15520K, reserved 1048576K
}
Event: 11137.252 GC heap before
{Heap before GC invocations=127 (full 0):
 garbage-first heap   total 512000K, used 416768K [0x0000000080000000, 0x0000000100000000)
  region size 1024K, 60 young (61440K), 8 survivors (8192K)
 Metaspace       used 114891K, capacity 118730K, committed 118864K, reserved 1153024K
  class space    used 14054K, capacity 15411K, committed 15520K, reserved 1048576K
}
Event: 11137.360 GC heap after
{Heap after GC invocations=128 (full 0):
 garbage-first heap   total 512000K, used 340616K [0x0000000080000000, 0x0000000100000000)
  region size 1024K, 1 young (1024K), 1 survivors (1024K)
 Metaspace       used 114891K, capacity 118730K, committed 118864K, reserved 1153024K
  class space    used 14054K, capacity 15411K, committed 15520K, reserved 1048576K
}
Event: 11323.778 GC heap before
{Heap before GC invocations=128 (full 0):
 garbage-first heap   total 512000K, used 398984K [0x0000000080000000, 0x0000000100000000)
  region size 1024K, 59 young (60416K), 1 survivors (1024K)
 Metaspace       used 114943K, capacity 118795K, committed 119120K, reserved 1153024K
  class space    used 14054K, capacity 15411K, committed 15520K, reserved 1048576K
}
Event: 11323.793 GC heap after
{Heap after GC invocations=129 (full 0):
 garbage-first heap   total 512000K, used 344054K [0x0000000080000000, 0x0000000100000000)
  region size 1024K, 5 young (5120K), 5 survivors (5120K)
 Metaspace       used 114943K, capacity 118795K, committed 119120K, reserved 1153024K
  class space    used 14054K, capacity 15411K, committed 15520K, reserved 1048576K
}
Event: 11342.618 GC heap before
{Heap before GC invocations=129 (full 0):
 garbage-first heap   total 512000K, used 407542K [0x0000000080000000, 0x0000000100000000)
  region size 1024K, 66 young (67584K), 5 survivors (5120K)
 Metaspace       used 115021K, capacity 118861K, committed 119120K, reserved 1153024K
  class space    used 14054K, capacity 15411K, committed 15520K, reserved 1048576K
}
Event: 11342.631 GC heap after
{Heap after GC invocations=130 (full 0):
 garbage-first heap   total 512000K, used 348291K [0x0000000080000000, 0x0000000100000000)
  region size 1024K, 7 young (7168K), 7 survivors (7168K)
 Metaspace       used 115021K, capacity 118861K, committed 119120K, reserved 1153024K
  class space    used 14054K, capacity 15411K, committed 15520K, reserved 1048576K
}
Event: 11347.612 GC heap before
{Heap before GC invocations=130 (full 0):
 garbage-first heap   total 512000K, used 403587K [0x0000000080000000, 0x0000000100000000)
  region size 1024K, 56 young (57344K), 7 survivors (7168K)
 Metaspace       used 115072K, capacity 118866K, committed 119120K, reserved 1153024K
  class space    used 14055K, capacity 15412K, committed 15520K, reserved 1048576K
}
Event: 11347.636 GC heap after
{Heap after GC invocations=131 (full 0):
 garbage-first heap   total 512000K, used 355942K [0x0000000080000000, 0x0000000100000000)
  region size 1024K, 7 young (7168K), 7 survivors (7168K)
 Metaspace       used 115072K, capacity 118866K, committed 119120K, reserved 1153024K
  class space    used 14055K, capacity 15412K, committed 15520K, reserved 1048576K
}
Event: 11380.099 GC heap before
{Heap before GC invocations=131 (full 0):
 garbage-first heap   total 512000K, used 225894K [0x0000000080000000, 0x0000000100000000)
  region size 1024K, 70 young (71680K), 7 survivors (7168K)
 Metaspace       used 114971K, capacity 118710K, committed 119120K, reserved 1153024K
  class space    used 14036K, capacity 15377K, committed 15520K, reserved 1048576K
}

